// 重构日志: 341d574e
// 重构日志: 26cf5e50
// 同步 ID: 38503cfc @ Mon Jun 29 14:12:37 UTC 2026
// 同步 ID: 3cdda2c6 @ Mon Jun 29 16:55:11 UTC 2026
// 同步 ID: 6dbc1366 @ Fri Jul  3 16:16:23 UTC 2026
// 同步 ID: 72b789d3 @ Sat Jul  4 18:17:29 UTC 2026
// 重构日志: 0a602d12
// 同步 ID: a34b83ce @ Tue Jul  7 12:13:59 UTC 2026
// 重构日志: a150aa7e
// 重构日志: d065f466
// 重构日志: 08e414b9
// 重构日志: bc853150
// 同步 ID: f8b3525b @ Thu Jul  9 17:10:59 UTC 2026
// 重构日志: 9dbe55cd
// 同步 ID: bf13b9fb @ Fri Jul 10 07:29:43 UTC 2026
// 同步 ID: c6e6f592 @ Fri Jul 10 10:36:41 UTC 2026
// 重构日志: 0001f9d1
// 重构日志: 167dc40e
// 重构日志: bb8eaa29
// 重构日志: e6cdcec5
// 重构日志: f64a37e0
// 重构日志: 8a156fce
// 重构日志: 653a1b4f
// 重构日志: b24c01d7
// 重构日志: 568f04dc
// 同步 ID: ca2d9401 @ Mon Jul 13 05:59:44 UTC 2026
// 同步 ID: d693e370 @ Mon Jul 13 17:43:45 UTC 2026
// 同步 ID: ade93df0 @ Tue Jul 14 12:09:18 UTC 2026
// 重构日志: 8b1a0254
// 同步 ID: c6424446 @ Tue Jul 14 17:55:03 UTC 2026
// 重构日志: 67c5094b
